<?xml version="1.0" encoding="UTF-8"?>
<testsuite xmlns:xsi="http://www.w3.org/2001/XMLSchema-instance" xsi:noNamespaceSchemaLocation="https://maven.apache.org/surefire/maven-surefire-plugin/xsd/surefire-test-report.xsd" name="pr2.org.GraphTest" time="0.303" tests="19" errors="0" skipped="0" failures="0">
  <properties>
    <property name="java.specification.version" value="13"/>
    <property name="sun.jnu.encoding" value="UTF-8"/>
    <property name="java.class.path" value="/Users/pedrobereilh/Desktop/busquedacaminografoprac3/Graph/target/test-classes:/Users/pedrobereilh/Desktop/busquedacaminografoprac3/Graph/target/classes:/Users/pedrobereilh/.m2/repository/junit/junit/4.11/junit-4.11.jar:/Users/pedrobereilh/.m2/repository/org/hamcrest/hamcrest-core/1.3/hamcrest-core-1.3.jar:"/>
    <property name="java.vm.vendor" value="Oracle Corporation"/>
    <property name="sun.arch.data.model" value="64"/>
    <property name="java.vendor.url" value="https://openjdk.java.net/"/>
    <property name="os.name" value="Mac OS X"/>
    <property name="java.vm.specification.version" value="13"/>
    <property name="sun.java.launcher" value="SUN_STANDARD"/>
    <property name="user.country" value="US"/>
    <property name="sun.boot.library.path" value="/usr/local/Cellar/openjdk/13.0.2+8_2/libexec/openjdk.jdk/Contents/Home/lib"/>
    <property name="sun.java.command" value="/Users/pedrobereilh/Desktop/busquedacaminografoprac3/Graph/target/surefire/surefirebooter11002470678613517297.jar /Users/pedrobereilh/Desktop/busquedacaminografoprac3/Graph/target/surefire 2021-06-07T12-18-40_100-jvmRun1 surefire13821520794310415100tmp surefire_02267429546994963962tmp"/>
    <property name="http.nonProxyHosts" value="local|*.local|169.254/16|*.169.254/16"/>
    <property name="jdk.debug" value="release"/>
    <property name="surefire.test.class.path" value="/Users/pedrobereilh/Desktop/busquedacaminografoprac3/Graph/target/test-classes:/Users/pedrobereilh/Desktop/busquedacaminografoprac3/Graph/target/classes:/Users/pedrobereilh/.m2/repository/junit/junit/4.11/junit-4.11.jar:/Users/pedrobereilh/.m2/repository/org/hamcrest/hamcrest-core/1.3/hamcrest-core-1.3.jar:"/>
    <property name="sun.cpu.endian" value="little"/>
    <property name="user.home" value="/Users/pedrobereilh"/>
    <property name="user.language" value="en"/>
    <property name="java.specification.vendor" value="Oracle Corporation"/>
    <property name="java.version.date" value="2020-01-14"/>
    <property name="java.home" value="/usr/local/Cellar/openjdk/13.0.2+8_2/libexec/openjdk.jdk/Contents/Home"/>
    <property name="file.separator" value="/"/>
    <property name="basedir" value="/Users/pedrobereilh/Desktop/busquedacaminografoprac3/Graph"/>
    <property name="java.vm.compressedOopsMode" value="Zero based"/>
    <property name="line.separator" value="&#10;"/>
    <property name="java.specification.name" value="Java Platform API Specification"/>
    <property name="java.vm.specification.vendor" value="Oracle Corporation"/>
    <property name="surefire.real.class.path" value="/Users/pedrobereilh/Desktop/busquedacaminografoprac3/Graph/target/surefire/surefirebooter11002470678613517297.jar"/>
    <property name="sun.management.compiler" value="HotSpot 64-Bit Tiered Compilers"/>
    <property name="ftp.nonProxyHosts" value="local|*.local|169.254/16|*.169.254/16"/>
    <property name="java.runtime.version" value="13.0.2+8"/>
    <property name="user.name" value="pedrobereilh"/>
    <property name="path.separator" value=":"/>
    <property name="os.version" value="10.15.7"/>
    <property name="java.runtime.name" value="OpenJDK Runtime Environment"/>
    <property name="file.encoding" value="UTF-8"/>
    <property name="java.vm.name" value="OpenJDK 64-Bit Server VM"/>
    <property name="localRepository" value="/Users/pedrobereilh/.m2/repository"/>
    <property name="java.vendor.url.bug" value="https://bugreport.java.com/bugreport/"/>
    <property name="java.io.tmpdir" value="/var/folders/3v/f84lqfqj2pqfrm2tglbw3w700000gn/T/"/>
    <property name="java.version" value="13.0.2"/>
    <property name="user.dir" value="/Users/pedrobereilh/Desktop/busquedacaminografoprac3/Graph"/>
    <property name="os.arch" value="x86_64"/>
    <property name="java.vm.specification.name" value="Java Virtual Machine Specification"/>
    <property name="java.library.path" value="/Users/pedrobereilh/Library/Java/Extensions:/Library/Java/Extensions:/Network/Library/Java/Extensions:/System/Library/Java/Extensions:/usr/lib/java:."/>
    <property name="java.vm.info" value="mixed mode, sharing"/>
    <property name="java.vendor" value="N/A"/>
    <property name="java.vm.version" value="13.0.2+8"/>
    <property name="sun.io.unicode.encoding" value="UnicodeBig"/>
    <property name="socksNonProxyHosts" value="local|*.local|169.254/16|*.169.254/16"/>
    <property name="java.class.version" value="57.0"/>
  </properties>
  <testcase name="annadirVariosEdges" classname="pr2.org.GraphTest" time="0.004"/>
  <testcase name="annadirEdgeReflexivo" classname="pr2.org.GraphTest" time="0"/>
  <testcase name="toStringSingleVertexTest" classname="pr2.org.GraphTest" time="0.001"/>
  <testcase name="addDuplicateVertexTest" classname="pr2.org.GraphTest" time="0"/>
  <testcase name="toStringEmptyTest" classname="pr2.org.GraphTest" time="0.001"/>
  <testcase name="addSingleVertexTest" classname="pr2.org.GraphTest" time="0.001"/>
  <testcase name="OnePathTest" classname="pr2.org.GraphTest" time="0.03"/>
  <testcase name="toStringVariousVertexTest" classname="pr2.org.GraphTest" time="0.002"/>
  <testcase name="toStringSingleVertexTestString" classname="pr2.org.GraphTest" time="0.001"/>
  <testcase name="addDuplicateVertexAndCheckTest" classname="pr2.org.GraphTest" time="0.006"/>
  <testcase name="onePathTestGrafo" classname="pr2.org.GraphTest" time="0.021"/>
  <testcase name="onePathTestNuevo" classname="pr2.org.GraphTest" time="0.052"/>
  <testcase name="onePathFindsAPath" classname="pr2.org.GraphTest" time="0.003"/>
  <testcase name="obtenerAdyacentesDeUnVertex" classname="pr2.org.GraphTest" time="0.001"/>
  <testcase name="annadirEdgesYaExistentes" classname="pr2.org.GraphTest" time="0.001"/>
  <testcase name="contieneVertex" classname="pr2.org.GraphTest" time="0.002"/>
  <testcase name="obtainAdjacentsFailWithException" classname="pr2.org.GraphTest" time="0.002"/>
  <testcase name="obtainAdjacentsWithNoVertexFailWithException" classname="pr2.org.GraphTest" time="0.001"/>
  <testcase name="graphExistsTest" classname="pr2.org.GraphTest" time="0.001"/>
</testsuite>